<?xml version="1.0" encoding="UTF-8"?>
<!-- Generated by org.testng.reporters.JUnitReportReporter -->
<testsuite hostname="User-PC" name="testcasesRunner.RunPaswrdChangedPage" tests="4" failures="0" timestamp="5 Jul 2016 19:28:28 GMT" time="1814.341" errors="0">
  <testcase name="testChangePasswrd" time="374.440" classname="testcasesRunner.RunPaswrdChangedPage"/>
  <testcase name="testChangePasswrd" time="275.552" classname="testcasesRunner.RunPaswrdChangedPage"/>
  <testcase name="testChangePasswrd" time="713.204" classname="testcasesRunner.RunPaswrdChangedPage"/>
  <testcase name="testChangePasswrd" time="451.145" classname="testcasesRunner.RunPaswrdChangedPage"/>
</testsuite> <!-- testcasesRunner.RunPaswrdChangedPage -->
